<domain type='kvm' id='11'>
  <name>disktests</name>
  <uuid>01fec636-ea07-469f-aa06-b73b7dd9abc6</uuid>
  <metadata>
    <libosinfo:libosinfo xmlns:libosinfo="http://libosinfo.org/xmlns/libvirt/domain/1.0">
      <libosinfo:os id="http://ubuntu.com/ubuntu/20.04"/>
    </libosinfo:libosinfo>
  </metadata>
  <memory unit='KiB'>2097152</memory>
  <currentMemory unit='KiB'>2097152</currentMemory>
  <vcpu placement='static'>2</vcpu>
  <resource>
    <partition>/machine</partition>
  </resource>
  <os>
    <type arch='x86_64' machine='pc-q35-6.1'>hvm</type>
    <boot dev='hd'/>
  </os>
  <features>
    <acpi/>
    <apic/>
    <vmport state='off'/>
  </features>
  <cpu mode='custom' match='exact' check='full'>
    <model fallback='forbid'>Cooperlake</model>
    <vendor>Intel</vendor>
    <feature policy='require' name='ss'/>
    <feature policy='require' name='vmx'/>
    <feature policy='require' name='pdcm'/>
    <feature policy='require' name='hypervisor'/>
    <feature policy='require' name='tsc_adjust'/>
    <feature policy='require' name='mpx'/>
    <feature policy='require' name='umip'/>
    <feature policy='require' name='md-clear'/>
    <feature policy='require' name='xsaves'/>
    <feature policy='require' name='ibpb'/>
    <feature policy='require' name='ibrs'/>
    <feature policy='require' name='amd-stibp'/>
    <feature policy='require' name='amd-ssbd'/>
    <feature policy='disable' name='hle'/>
    <feature policy='disable' name='rtm'/>
    <feature policy='disable' name='avx512f'/>
    <feature policy='disable' name='avx512dq'/>
    <feature policy='disable' name='clwb'/>
    <feature policy='disable' name='avx512cd'/>
    <feature policy='disable' name='avx512bw'/>
    <feature policy='disable' name='avx512vl'/>
    <feature policy='disable' name='avx512vnni'/>
    <feature policy='disable' name='avx-vnni'/>
    <feature policy='disable' name='avx512-bf16'/>
    <feature policy='disable' name='taa-no'/>
  </cpu>
  <clock offset='utc'>
    <timer name='rtc' tickpolicy='catchup'/>
    <timer name='pit' tickpolicy='delay'/>
    <timer name='hpet' present='no'/>
  </clock>
  <on_poweroff>destroy</on_poweroff>
  <on_reboot>restart</on_reboot>
  <on_crash>destroy</on_crash>
  <pm>
    <suspend-to-mem enabled='no'/>
    <suspend-to-disk enabled='no'/>
  </pm>
  <devices>
    <emulator>/usr/bin/qemu-system-x86_64</emulator>
    <disk type='file' device='disk'>
      <driver name='qemu' type='qcow2'/>
      <source file='/var/lib/libvirt/images/disktests.qcow2' index='14'/>
      <backingStore type='file' index='15'>
        <format type='qcow2'/>
        <source file='/var/lib/libvirt/images/./ubuntu20.04.qcow2'/>
        <backingStore/>
      </backingStore>
      <target dev='sda' bus='sata'/>
      <alias name='sata0-0-0'/>
      <address type='drive' controller='0' bus='0' target='0' unit='0'/>
    </disk>
    <disk type='file' device='disk'>
      <driver name='qemu' type='qcow2'/>
      <source file='/var/lib/libvirt/images/disktests-8.qcow2' index='13'/>
      <backingStore/>
      <target dev='sdj' bus='sata'/>
      <serial>D15C08</serial>
      <alias name='sata1-0-3'/>
      <address type='drive' controller='1' bus='0' target='0' unit='3'/>
    </disk>
    <disk type='file' device='disk'>
      <driver name='qemu' type='qcow2'/>
      <source file='/var/lib/libvirt/images/disktests-1.qcow2' index='12'/>
      <backingStore/>
      <target dev='sdb' bus='scsi'/>
      <serial>DISC01</serial>
      <wwn>0x5000c0ffee0d15c1</wwn>
      <alias name='scsi0-0-0-1'/>
      <address type='drive' controller='0' bus='0' target='0' unit='1'/>
    </disk>
    <disk type='file' device='disk'>
      <driver name='qemu' type='qcow2'/>
      <source file='/var/lib/libvirt/images/disktests-2.qcow2' index='11'/>
      <backingStore/>
      <target dev='sdc' bus='scsi'/>
      <serial>DISC02</serial>
      <wwn>0x5000c0ffee0d15c2</wwn>
      <alias name='scsi0-0-0-2'/>
      <address type='drive' controller='0' bus='0' target='0' unit='2'/>
    </disk>
    <disk type='file' device='disk'>
      <driver name='qemu' type='qcow2'/>
      <source file='/var/lib/libvirt/images/disktests-3.qcow2' index='10'/>
      <backingStore/>
      <target dev='sdd' bus='scsi'/>
      <serial>DISC03</serial>
      <wwn>0x5000c0ffee0d15c3</wwn>
      <alias name='scsi0-0-0-3'/>
      <address type='drive' controller='0' bus='0' target='0' unit='3'/>
    </disk>
    <disk type='file' device='disk'>
      <driver name='qemu' type='qcow2'/>
      <source file='/var/lib/libvirt/images/disktests-4.qcow2' index='9'/>
      <backingStore/>
      <target dev='sde' bus='scsi'/>
      <serial>DISC04</serial>
      <wwn>0x5000c0ffee0d15c4</wwn>
      <alias name='scsi0-0-0-4'/>
      <address type='drive' controller='0' bus='0' target='0' unit='4'/>
    </disk>
    <disk type='file' device='disk'>
      <driver name='qemu' type='qcow2'/>
      <source file='/var/lib/libvirt/images/disktests-5.qcow2' index='8'/>
      <backingStore/>
      <target dev='sdf' bus='scsi'/>
      <serial>DISC05</serial>
      <wwn>0x5000c0ffee0d15c5</wwn>
      <alias name='scsi0-0-0-5'/>
      <address type='drive' controller='0' bus='0' target='0' unit='5'/>
    </disk>
    <disk type='file' device='disk'>
      <driver name='qemu' type='qcow2'/>
      <source file='/var/lib/libvirt/images/disktests-6.qcow2' index='7'/>
      <backingStore/>
      <target dev='sdg' bus='scsi'/>
      <serial>DISC06</serial>
      <wwn>0x5000c0ffee0d15c6</wwn>
      <alias name='scsi0-0-0-6'/>
      <address type='drive' controller='0' bus='0' target='0' unit='6'/>
    </disk>
    <disk type='file' device='disk'>
      <driver name='qemu' type='raw' cache='none'/>
      <source file='/var/lib/libvirt/images/disktests-raw.img' index='6'/>
      <backingStore/>
      <target dev='sdh' bus='scsi'/>
      <shareable/>
      <serial>RAW01</serial>
      <wwn>0x5000c0ffee0d15c7</wwn>
      <vendor>laptop</vendor>
      <product>vdisk</product>
      <alias name='scsi1-0-0'/>
      <address type='drive' controller='1' bus='0' target='0' unit='0'/>
    </disk>
    <disk type='file' device='disk'>
      <driver name='qemu' type='raw' cache='none'/>
      <source file='/var/lib/libvirt/images/disktests-raw.img' index='5'/>
      <backingStore/>
      <target dev='sdi' bus='scsi'/>
      <shareable/>
      <serial>RAW01</serial>
      <wwn>0x5000c0ffee0d15c7</wwn>
      <vendor>laptop</vendor>
      <product>vdisk</product>
      <alias name='scsi2-0-0'/>
      <address type='drive' controller='2' bus='0' target='0' unit='0'/>
    </disk>
    <disk type='file' device='disk'>
      <driver name='qemu' type='raw' cache='none'/>
      <source file='/var/lib/libvirt/images/disktests-raw2.img' index='4'/>
      <backingStore/>
      <target dev='sdk' bus='scsi'/>
      <shareable/>
      <serial>RAW02</serial>
      <wwn>0x5000c0ffee0d15ca</wwn>
      <vendor>laptop</vendor>
      <product>vdisk</product>
      <alias name='scsi1-0-1'/>
      <address type='drive' controller='1' bus='0' target='0' unit='1'/>
    </disk>
    <disk type='file' device='disk'>
      <driver name='qemu' type='raw' cache='none'/>
      <source file='/var/lib/libvirt/images/disktests-raw2.img' index='3'/>
      <backingStore/>
      <target dev='sdl' bus='scsi'/>
      <shareable/>
      <serial>RAW02</serial>
      <wwn>0x5000c0ffee0d15ca</wwn>
      <vendor>laptop</vendor>
      <product>vdisk</product>
      <alias name='scsi2-0-1'/>
      <address type='drive' controller='2' bus='0' target='0' unit='1'/>
    </disk>
    <disk type='file' device='disk'>
      <driver name='qemu' type='raw' cache='none'/>
      <source file='/var/lib/libvirt/images/disktests-raw3.img' index='2'/>
      <backingStore/>
      <target dev='sdm' bus='scsi'/>
      <shareable/>
      <serial>RAW03</serial>
      <wwn>0x5000c0ffee0d15cb</wwn>
      <vendor>laptop</vendor>
      <product>vdisk</product>
      <alias name='scsi1-0-2'/>
      <address type='drive' controller='1' bus='0' target='0' unit='2'/>
    </disk>
    <disk type='file' device='disk'>
      <driver name='qemu' type='raw' cache='none'/>
      <source file='/var/lib/libvirt/images/disktests-raw3.img' index='1'/>
      <backingStore/>
      <target dev='sdn' bus='scsi'/>
      <shareable/>
      <serial>RAW03</serial>
      <wwn>0x5000c0ffee0d15cb</wwn>
      <vendor>laptop</vendor>
      <product>vdisk</product>
      <alias name='scsi2-0-2'/>
      <address type='drive' controller='2' bus='0' target='0' unit='2'/>
    </disk>
    <controller type='usb' index='0' model='qemu-xhci' ports='15'>
      <alias name='usb'/>
      <address type='pci' domain='0x0000' bus='0x02' slot='0x00' function='0x0'/>
    </controller>
    <controller type='sata' index='0'>
      <alias name='ide'/>
      <address type='pci' domain='0x0000' bus='0x00' slot='0x1f' function='0x2'/>
    </controller>
    <controller type='sata' index='1'>
      <alias name='sata1'/>
      <address type='pci' domain='0x0000' bus='0x09' slot='0x02' function='0x0'/>
    </controller>
    <controller type='pci' index='0' model='pcie-root'>
      <alias name='pcie.0'/>
    </controller>
    <controller type='pci' index='1' model='pcie-root-port'>
      <model name='pcie-root-port'/>
      <target chassis='1' port='0x10'/>
      <alias name='pci.1'/>
      <address type='pci' domain='0x0000' bus='0x00' slot='0x02' function='0x0' multifunction='on'/>
    </controller>
    <controller type='pci' index='2' model='pcie-root-port'>
      <model name='pcie-root-port'/>
      <target chassis='2' port='0x11'/>
      <alias name='pci.2'/>
      <address type='pci' domain='0x0000' bus='0x00' slot='0x02' function='0x1'/>
    </controller>
    <controller type='pci' index='3' model='pcie-root-port'>
      <model name='pcie-root-port'/>
      <target chassis='3' port='0x12'/>
      <alias name='pci.3'/>
      <address type='pci' domain='0x0000' bus='0x00' slot='0x02' function='0x2'/>
    </controller>
    <controller type='pci' index='4' model='pcie-root-port'>
      <model name='pcie-root-port'/>
      <target chassis='4' port='0x13'/>
      <alias name='pci.4'/>
      <address type='pci' domain='0x0000' bus='0x00' slot='0x02' function='0x3'/>
    </controller>
    <controller type='pci' index='5' model='pcie-root-port'>
      <model name='pcie-root-port'/>
      <target chassis='5' port='0x14'/>
      <alias name='pci.5'/>
      <address type='pci' domain='0x0000' bus='0x00' slot='0x02' function='0x4'/>
    </controller>
    <controller type='pci' index='6' model='pcie-root-port'>
      <model name='pcie-root-port'/>
      <target chassis='6' port='0x15'/>
      <alias name='pci.6'/>
      <address type='pci' domain='0x0000' bus='0x00' slot='0x02' function='0x5'/>
    </controller>
    <controller type='pci' index='7' model='pcie-root-port'>
      <model name='pcie-root-port'/>
      <target chassis='7' port='0x16'/>
      <alias name='pci.7'/>
      <address type='pci' domain='0x0000' bus='0x00' slot='0x02' function='0x6'/>
    </controller>
    <controller type='pci' index='8' model='pcie-root-port'>
      <model name='pcie-root-port'/>
      <target chassis='8' port='0x17'/>
      <alias name='pci.8'/>
      <address type='pci' domain='0x0000' bus='0x00' slot='0x02' function='0x7'/>
    </controller>
    <controller type='pci' index='9' model='pcie-to-pci-bridge'>
      <model name='pcie-pci-bridge'/>
      <alias name='pci.9'/>
      <address type='pci' domain='0x0000' bus='0x04' slot='0x00' function='0x0'/>
    </controller>
    <controller type='virtio-serial' index='0'>
      <alias name='virtio-serial0'/>
      <address type='pci' domain='0x0000' bus='0x03' slot='0x00' function='0x0'/>
    </controller>
    <controller type='scsi' index='0' model='virtio-scsi'>
      <alias name='scsi0'/>
      <address type='pci' domain='0x0000' bus='0x07' slot='0x00' function='0x0'/>
    </controller>
    <controller type='scsi' index='1' model='lsilogic'>
      <alias name='scsi1'/>
      <address type='pci' domain='0x0000' bus='0x09' slot='0x01' function='0x0'/>
    </controller>
    <controller type='scsi' index='2' model='lsilogic'>
      <alias name='scsi2'/>
      <address type='pci' domain='0x0000' bus='0x09' slot='0x03' function='0x0'/>
    </controller>
    <controller type='scsi' index='3' model='lsilogic'>
      <alias name='scsi3'/>
      <address type='pci' domain='0x0000' bus='0x09' slot='0x04' function='0x0'/>
    </controller>
    <interface type='network'>
      <mac address='52:54:00:98:97:3a'/>
      <source network='default' portid='85bd2335-fc64-41f1-869d-cf920da9e3d5' bridge='virbr0'/>
      <target dev='vnet10'/>
      <model type='virtio'/>
      <alias name='net0'/>
      <address type='pci' domain='0x0000' bus='0x01' slot='0x00' function='0x0'/>
    </interface>
    <serial type='pty'>
      <source path='/dev/pts/13'/>
      <target type='isa-serial' port='0'>
        <model name='isa-serial'/>
      </target>
      <alias name='serial0'/>
    </serial>
    <console type='pty' tty='/dev/pts/13'>
      <source path='/dev/pts/13'/>
      <target type='serial' port='0'/>
      <alias name='serial0'/>
    </console>
    <channel type='unix'>
      <source mode='bind' path='/var/lib/libvirt/qemu/channel/target/domain-11-disktests/org.qemu.guest_agent.0'/>
      <target type='virtio' name='org.qemu.guest_agent.0' state='disconnected'/>
      <alias name='channel0'/>
      <address type='virtio-serial' controller='0' bus='0' port='1'/>
    </channel>
    <channel type='spicevmc'>
      <target type='virtio' name='com.redhat.spice.0' state='disconnected'/>
      <alias name='channel1'/>
      <address type='virtio-serial' controller='0' bus='0' port='2'/>
    </channel>
    <input type='tablet' bus='usb'>
      <alias name='input0'/>
      <address type='usb' bus='0' port='1'/>
    </input>
    <input type='mouse' bus='ps2'>
      <alias name='input1'/>
    </input>
    <input type='keyboard' bus='ps2'>
      <alias name='input2'/>
    </input>
    <graphics type='spice' port='5900' autoport='yes' listen='127.0.0.1'>
      <listen type='address' address='127.0.0.1'/>
      <image compression='off'/>
    </graphics>
    <sound model='ich9'>
      <alias name='sound0'/>
      <address type='pci' domain='0x0000' bus='0x00' slot='0x1b' function='0x0'/>
    </sound>
    <audio id='1' type='spice'/>
    <video>
      <model type='qxl' ram='65536' vram='65536' vgamem='16384' heads='1' primary='yes'/>
      <alias name='video0'/>
      <address type='pci' domain='0x0000' bus='0x00' slot='0x01' function='0x0'/>
    </video>
    <redirdev bus='usb' type='spicevmc'>
      <alias name='redir0'/>
      <address type='usb' bus='0' port='2'/>
    </redirdev>
    <redirdev bus='usb' type='spicevmc'>
      <alias name='redir1'/>
      <address type='usb' bus='0' port='3'/>
    </redirdev>
    <memballoon model='virtio'>
      <stats period='5'/>
      <alias name='balloon0'/>
      <address type='pci' domain='0x0000' bus='0x05' slot='0x00' function='0x0'/>
    </memballoon>
    <rng model='virtio'>
      <backend model='random'>/dev/urandom</backend>
      <alias name='rng0'/>
      <address type='pci' domain='0x0000' bus='0x06' slot='0x00' function='0x0'/>
    </rng>
  </devices>
  <seclabel type='dynamic' model='selinux' relabel='yes'>
    <label>system_u:system_r:svirt_t:s0:c330,c790</label>
    <imagelabel>system_u:object_r:svirt_image_t:s0:c330,c790</imagelabel>
  </seclabel>
  <seclabel type='dynamic' model='dac' relabel='yes'>
    <label>+107:+107</label>
    <imagelabel>+107:+107</imagelabel>
  </seclabel>
</domain>

